     1                                  ; nasmhead.asm
     2                                  ; haribote-os boot asm
     3                                  ; TAB=4
     4                                  
     5                                  BOTPAK	EQU		0x00280000		; bootpackのロード先
     6                                  DSKCAC	EQU		0x00100000		; ディスクキャッシュの場所
     7                                  DSKCAC0	EQU		0x00008000		; ディスクキャッシュの場所（リアルモード）
     8                                  
     9                                  ; BOOT_INFO関係
    10                                  CYLS	EQU		0x0ff0			; ブートセクタが設定する
    11                                  LEDS	EQU		0x0ff1
    12                                  VMODE	EQU		0x0ff2			; 色数に関する情報。何ビットカラーか？
    13                                  SCRNX	EQU		0x0ff4			; 解像度のX
    14                                  SCRNY	EQU		0x0ff6			; 解像度のY
    15                                  VRAM	EQU		0x0ff8			; グラフィックバッファの開始番地
    16                                  
    17                                  		ORG		0xc200			; このプログラムがどこに読み込まれるのか
    18                                  
    19                                  ; 画面モードを設定
    20                                  
    21 00000000 B013                    		MOV		AL,0x13			; VGAグラフィックス、320x200x8bitカラー
    22 00000002 B400                    		MOV		AH,0x00
    23 00000004 CD10                    		INT		0x10
    24 00000006 C606F20F08              		MOV		BYTE [VMODE],8	; 画面モードをメモする（C言語が参照する）
    25 0000000B C706F40F4001            		MOV		WORD [SCRNX],320
    26 00000011 C706F60FC800            		MOV		WORD [SCRNY],200
    27 00000017 66C706F80F00000A00      		MOV		DWORD [VRAM],0x000a0000
    28                                  
    29                                  ; キーボードのLED状態をBIOSに教えてもらう
    30                                  
    31 00000020 B402                    		MOV		AH,0x02
    32 00000022 CD16                    		INT		0x16 			; keyboard BIOS
    33 00000024 A2F10F                  		MOV		[LEDS],AL
    34                                  
    35                                  ; PICが一切の割り込みを受け付けないようにする
    36                                  ;	AT互換機の仕様では、PICの初期化をするなら、
    37                                  ;	こいつをCLI前にやっておかないと、たまにハングアップする
    38                                  ;	PICの初期化はあとでやる
    39                                  
    40 00000027 B0FF                    		MOV		AL,0xff
    41 00000029 E621                    		OUT		0x21,AL
    42 0000002B 90                      		NOP						; OUT命令を連続させるとうまくいかない機種があるらしいので
    43 0000002C E6A1                    		OUT		0xa1,AL
    44                                  
    45 0000002E FA                      		CLI						; さらにCPUレベルでも割り込み禁止
    46                                  
    47                                  ; CPUから1MB以上のメモリにアクセスできるように、A20GATEを設定
    48                                  
    49 0000002F E8B500                  		CALL	waitkbdout
    50 00000032 B0D1                    		MOV		AL,0xd1
    51 00000034 E664                    		OUT		0x64,AL
    52 00000036 E8AE00                  		CALL	waitkbdout
    53 00000039 B0DF                    		MOV		AL,0xdf			; enable A20
    54 0000003B E660                    		OUT		0x60,AL
    55 0000003D E8A700                  		CALL	waitkbdout
    56                                  
    57                                  ; プロテクトモード移行
    58                                  
    59                                  ;[INSTRSET "i486p"]				; 486の命令まで使いたいという記述
    60                                  
    61 00000040 0F0116[2A01]            		LGDT	[GDTR0]			; 暫定GDTを設定
    62 00000045 0F20C0                  		MOV		EAX,CR0
    63 00000048 6625FFFFFF7F            		AND		EAX,0x7fffffff	; bit31を0にする（ページング禁止のため）
    64 0000004E 6683C801                		OR		EAX,0x00000001	; bit0を1にする（プロテクトモード移行のため）
    65 00000052 0F22C0                  		MOV		CR0,EAX
    66 00000055 EB00                    		JMP		pipelineflush
    67                                  pipelineflush:
    68 00000057 B80800                  		MOV		AX,1*8			;  読み書き可能セグメント32bit
    69 0000005A 8ED8                    		MOV		DS,AX
    70 0000005C 8EC0                    		MOV		ES,AX
    71 0000005E 8EE0                    		MOV		FS,AX
    72 00000060 8EE8                    		MOV		GS,AX
    73 00000062 8ED0                    		MOV		SS,AX
    74                                  
    75                                  ; bootpackの転送
    76                                  
    77 00000064 66BE[30010000]          		MOV		ESI,bootpack	; 転送元
    78 0000006A 66BF00002800            		MOV		EDI,BOTPAK		; 転送先
    79 00000070 66B900000200            		MOV		ECX,512*1024/4
    80 00000076 E87500                  		CALL	memcpy
    81                                  
    82                                  ; ついでにディスクデータも本来の位置へ転送
    83                                  
    84                                  ; まずはブートセクタから
    85                                  
    86 00000079 66BE007C0000            		MOV		ESI,0x7c00		; 転送元
    87 0000007F 66BF00001000            		MOV		EDI,DSKCAC		; 転送先
    88 00000085 66B980000000            		MOV		ECX,512/4
    89 0000008B E86000                  		CALL	memcpy
    90                                  
    91                                  ; 残り全部
    92                                  
    93 0000008E 66BE00820000            		MOV		ESI,DSKCAC0+512	; 転送元
    94 00000094 66BF00021000            		MOV		EDI,DSKCAC+512	; 転送先
    95 0000009A 66B900000000            		MOV		ECX,0
    96 000000A0 8A0EF00F                		MOV		CL,BYTE [CYLS]
    97 000000A4 6669C900120000          		IMUL	ECX,512*18*2/4	; シリンダ数からバイト数/4に変換
    98 000000AB 6681E980000000          		SUB		ECX,512/4		; IPLの分だけ差し引く
    99 000000B2 E83900                  		CALL	memcpy
   100                                  
   101                                  ; asmheadでしなければいけないことは全部し終わったので、
   102                                  ;	あとはbootpackに任せる
   103                                  
   104                                  ; bootpackの起動
   105 000000B5 66BB00002800            		MOV		EBX,BOTPAK
   106 000000BB 66678B4B10              		MOV		ECX,[EBX+16]
   107 000000C0 6683C103                		ADD		ECX,3			; ECX += 3;
   108 000000C4 66C1E902                		SHR		ECX,2			; ECX /= 4;
   109 000000C8 7410                    		JZ		skip			; 転送するべきものがない
   110 000000CA 66678B7314              		MOV		ESI,[EBX+20]	; 転送元
   111 000000CF 6601DE                  		ADD		ESI,EBX
   112 000000D2 66678B7B0C              		MOV		EDI,[EBX+12]	; 転送先
   113 000000D7 E81400                  		CALL	memcpy
   114                                  skip:
   115 000000DA 66678B630C              		MOV		ESP,[EBX+12]	; スタック初期値
   116 000000DF 66EA1B0000001000        		JMP		DWORD 2*8:0x0000001b
   117                                  
   118                                  waitkbdout:
   119 000000E7 E464                    		IN		 AL,0x64
   120 000000E9 2402                    		AND		 AL,0x02
   121 000000EB 75FA                    		JNZ		waitkbdout		; ANDの結果が0でなければwaitkbdoutへ
   122 000000ED C3                      		RET
   123                                  
   124                                  memcpy:
   125 000000EE 66678B06                		MOV		EAX,[ESI]
   126 000000F2 6683C604                		ADD		ESI,4
   127 000000F6 66678907                		MOV		[EDI],EAX
   128 000000FA 6683C704                		ADD		EDI,4
   129 000000FE 6683E901                		SUB		ECX,1
   130 00000102 75EA                    		JNZ		memcpy			; 引き算した結果が0でなければmemcpyへ
   131 00000104 C3                      		RET
   132                                  ; memcpyはアドレスサイズプリフィクスを入れ忘れなければ、ストリング命令でも書ける
   133                                  
   134 00000105 <res 0000000B>          		ALIGNB	16
   134          ******************       warning: uninitialized space declared in .text section: zeroing [-w+other]
   135                                  GDT0:
   136 00000110 <res 00000008>          		RESB	8				; ヌルセレクタ
   136          ******************       warning: uninitialized space declared in .text section: zeroing [-w+other]
   137 00000118 FFFF00000092CF00        		DW		0xffff,0x0000,0x9200,0x00cf	; 読み書き可能セグメント32bit
   138 00000120 FFFF0000289A4700        		DW		0xffff,0x0000,0x9a28,0x0047	; 実行可能セグメント32bit（bootpack用）
   139                                  
   140 00000128 0000                    		DW		0
   141                                  GDTR0:
   142 0000012A 1700                    		DW		8*3-1
   143 0000012C [10010000]              		DD		GDT0
   144                                  
   145                                  		ALIGNB	16
   146                                  bootpack:
